build/app/intermediates/manifest_merge_blame_file/debug/manifest-merger-blame-debug-report.txt
1<?xml version="1.0" encoding="utf-8"?>
2<manifest xmlns:android="http://schemas.android.com/apk/res/android"
3    package="musicenergy.com"
4    android:versionCode="1"
5    android:versionName="1.0.0" >
6
7    <uses-sdk
8        android:minSdkVersion="23"
9        android:targetSdkVersion="32" />
10    <!--
11         Flutter needs it to communicate with the running application
12         to allow setting breakpoints, to provide hot reload, etc.
13    -->
14    <uses-permission android:name="android.permission.INTERNET" />
14-->src/main/AndroidManifest.xml:26:5-66
14-->src/main/AndroidManifest.xml:26:22-64
15    <!-- Provide required visibility configuration for API level 30 and above -->
16    <queries>
16-->src/main/AndroidManifest.xml:7:5-22:15
17        <intent>
17-->src/main/AndroidManifest.xml:8:9-11:18
18            <action android:name="android.intent.action.VIEW" />
18-->src/main/AndroidManifest.xml:9:13-65
18-->src/main/AndroidManifest.xml:9:21-62
19
20            <data android:scheme="https" />
20-->src/main/AndroidManifest.xml:10:13-44
20-->src/main/AndroidManifest.xml:10:19-41
21        </intent>
22        <!-- If your app checks for SMS support -->
23        <intent>
23-->src/main/AndroidManifest.xml:13:9-16:18
24            <action android:name="android.intent.action.VIEW" />
24-->src/main/AndroidManifest.xml:9:13-65
24-->src/main/AndroidManifest.xml:9:21-62
25
26            <data android:scheme="sms" />
26-->src/main/AndroidManifest.xml:10:13-44
26-->src/main/AndroidManifest.xml:10:19-41
27        </intent>
28        <!-- If your app checks for call support -->
29        <intent>
29-->src/main/AndroidManifest.xml:18:9-21:18
30            <action android:name="android.intent.action.VIEW" />
30-->src/main/AndroidManifest.xml:9:13-65
30-->src/main/AndroidManifest.xml:9:21-62
31
32            <data android:scheme="tel" />
32-->src/main/AndroidManifest.xml:10:13-44
32-->src/main/AndroidManifest.xml:10:19-41
33        </intent>
34
35        <package android:name="com.facebook.katana" />
35-->[com.facebook.android:facebook-common:15.0.2] AndroidManifest.xml:30:9-55
35-->[com.facebook.android:facebook-common:15.0.2] AndroidManifest.xml:30:18-52
36    </queries>
37
38    <uses-permission android:name="android.permission.ACCESS_NETWORK_STATE" />
38-->src/main/AndroidManifest.xml:28:5-79
38-->src/main/AndroidManifest.xml:28:22-76
39    <uses-permission android:name="com.google.android.finsky.permission.BIND_GET_INSTALL_REFERRER_SERVICE" />
39-->[com.android.installreferrer:installreferrer:1.0] AndroidManifest.xml:9:5-110
39-->[com.android.installreferrer:installreferrer:1.0] AndroidManifest.xml:9:22-107
40
41    <application
41-->src/main/AndroidManifest.xml:29:5-90:19
42        android:appComponentFactory="androidx.core.app.CoreComponentFactory"
42-->[androidx.core:core:1.6.0] AndroidManifest.xml:24:18-86
43        android:debuggable="true"
44        android:extractNativeLibs="false"
45        android:icon="@mipmap/ic_launcher"
45-->src/main/AndroidManifest.xml:31:9-43
46        android:label="com"
46-->src/main/AndroidManifest.xml:30:9-28
47        android:supportsRtl="true" >
47-->[com.facebook.android:facebook-login:15.0.2] AndroidManifest.xml:28:18-44
48        <activity
48-->src/main/AndroidManifest.xml:32:9-61:20
49            android:name="musicenergy.com.MainActivity"
49-->src/main/AndroidManifest.xml:34:13-41
50            android:configChanges="orientation|keyboardHidden|keyboard|screenSize|smallestScreenSize|locale|layoutDirection|fontScale|screenLayout|density|uiMode"
50-->src/main/AndroidManifest.xml:37:13-163
51            android:exported="true"
51-->src/main/AndroidManifest.xml:33:13-36
52            android:hardwareAccelerated="true"
52-->src/main/AndroidManifest.xml:38:13-47
53            android:launchMode="singleTop"
53-->src/main/AndroidManifest.xml:35:13-43
54            android:theme="@style/LaunchTheme"
54-->src/main/AndroidManifest.xml:36:13-47
55            android:windowSoftInputMode="adjustResize" >
55-->src/main/AndroidManifest.xml:39:13-55
56
57            <!--
58                 Specifies an Android theme to apply to this Activity as soon as
59                 the Android process has started. This theme is visible to the user
60                 while the Flutter UI initializes. After that, this theme continues
61                 to determine the Window background behind the Flutter UI.
62            -->
63            <meta-data
63-->src/main/AndroidManifest.xml:44:13-47:17
64                android:name="io.flutter.embedding.android.NormalTheme"
64-->src/main/AndroidManifest.xml:45:15-70
65                android:resource="@style/NormalTheme" />
65-->src/main/AndroidManifest.xml:46:15-52
66            <!--
67                 Displays an Android View that continues showing the launch screen
68                 Drawable until Flutter paints its first frame, then this splash
69                 screen fades out. A splash screen is useful to avoid any visual
70                 gap between the end of Android's launch screen and the painting of
71                 Flutter's first frame.
72            -->
73            <meta-data
73-->src/main/AndroidManifest.xml:53:13-56:17
74                android:name="io.flutter.embedding.android.SplashScreenDrawable"
74-->src/main/AndroidManifest.xml:54:15-79
75                android:resource="@drawable/launch_background" />
75-->src/main/AndroidManifest.xml:55:15-61
76
77            <intent-filter>
77-->src/main/AndroidManifest.xml:57:13-60:29
78                <action android:name="android.intent.action.MAIN" />
78-->src/main/AndroidManifest.xml:58:17-68
78-->src/main/AndroidManifest.xml:58:25-66
79
80                <category android:name="android.intent.category.LAUNCHER" />
80-->src/main/AndroidManifest.xml:59:17-76
80-->src/main/AndroidManifest.xml:59:27-74
81            </intent-filter>
82        </activity>
83        <!--
84             Don't delete the meta-data below.
85             This is used by the Flutter tool to generate GeneratedPluginRegistrant.java
86        -->
87        <meta-data
87-->src/main/AndroidManifest.xml:64:9-66:33
88            android:name="flutterEmbedding"
88-->src/main/AndroidManifest.xml:65:13-44
89            android:value="2" />
89-->src/main/AndroidManifest.xml:66:13-30
90        <meta-data
90-->src/main/AndroidManifest.xml:68:8-106
91            android:name="com.facebook.sdk.ApplicationId"
91-->src/main/AndroidManifest.xml:68:19-64
92            android:value="@string/facebook_app_id" />
92-->src/main/AndroidManifest.xml:68:65-104
93        <meta-data
93-->src/main/AndroidManifest.xml:69:8-110
94            android:name="com.facebook.sdk.ClientToken"
94-->src/main/AndroidManifest.xml:69:19-62
95            android:value="@string/facebook_client_token" />
95-->src/main/AndroidManifest.xml:69:63-108
96
97        <activity
97-->src/main/AndroidManifest.xml:73:9-76:48
98            android:name="com.facebook.FacebookActivity"
98-->src/main/AndroidManifest.xml:73:19-63
99            android:configChanges="keyboard|keyboardHidden|screenLayout|screenSize|orientation"
99-->src/main/AndroidManifest.xml:74:13-113
100            android:label="@string/app_name"
100-->src/main/AndroidManifest.xml:76:13-45
101            android:theme="@style/com_facebook_activity_theme" />
101-->[com.facebook.android:facebook-common:15.0.2] AndroidManifest.xml:37:13-63
102        <activity
102-->src/main/AndroidManifest.xml:77:9-86:20
103            android:name="com.facebook.CustomTabActivity"
103-->src/main/AndroidManifest.xml:78:13-58
104            android:exported="true" >
104-->src/main/AndroidManifest.xml:79:13-36
105            <intent-filter>
105-->src/main/AndroidManifest.xml:80:13-85:29
106                <action android:name="android.intent.action.VIEW" />
106-->src/main/AndroidManifest.xml:9:13-65
106-->src/main/AndroidManifest.xml:9:21-62
107
108                <category android:name="android.intent.category.DEFAULT" />
108-->src/main/AndroidManifest.xml:82:17-76
108-->src/main/AndroidManifest.xml:82:27-73
109                <category android:name="android.intent.category.BROWSABLE" />
109-->src/main/AndroidManifest.xml:83:17-78
109-->src/main/AndroidManifest.xml:83:27-75
110
111                <data android:scheme="@string/fb_login_protocol_scheme" />
111-->src/main/AndroidManifest.xml:10:13-44
111-->src/main/AndroidManifest.xml:10:19-41
112            </intent-filter>
113            <intent-filter>
113-->[com.facebook.android:facebook-common:15.0.2] AndroidManifest.xml:43:13-52:29
114                <action android:name="android.intent.action.VIEW" />
114-->src/main/AndroidManifest.xml:9:13-65
114-->src/main/AndroidManifest.xml:9:21-62
115
116                <category android:name="android.intent.category.DEFAULT" />
116-->src/main/AndroidManifest.xml:82:17-76
116-->src/main/AndroidManifest.xml:82:27-73
117                <category android:name="android.intent.category.BROWSABLE" />
117-->src/main/AndroidManifest.xml:83:17-78
117-->src/main/AndroidManifest.xml:83:27-75
118
119                <data
119-->src/main/AndroidManifest.xml:10:13-44
120                    android:host="cct.musicenergy.com"
121                    android:scheme="fbconnect" />
121-->src/main/AndroidManifest.xml:10:19-41
122            </intent-filter>
123        </activity>
124        <activity
124-->[:url_launcher_android] AndroidManifest.xml:8:9-11:74
125            android:name="io.flutter.plugins.urllauncher.WebViewActivity"
125-->[:url_launcher_android] AndroidManifest.xml:9:13-74
126            android:exported="false"
126-->[:url_launcher_android] AndroidManifest.xml:10:13-37
127            android:theme="@android:style/Theme.NoTitleBar.Fullscreen" />
127-->[:url_launcher_android] AndroidManifest.xml:11:13-71
128
129        <service
129-->[:cloud_firestore] AndroidManifest.xml:8:9-12:19
130            android:name="com.google.firebase.components.ComponentDiscoveryService"
130-->[:cloud_firestore] AndroidManifest.xml:8:18-89
131            android:directBootAware="true"
131-->[com.google.firebase:firebase-common:20.1.2] AndroidManifest.xml:35:13-43
132            android:exported="false" >
132-->[com.google.firebase:firebase-firestore:24.3.1] AndroidManifest.xml:19:13-37
133            <meta-data
133-->[:cloud_firestore] AndroidManifest.xml:9:13-11:85
134                android:name="com.google.firebase.components:io.flutter.plugins.firebase.firestore.FlutterFirebaseFirestoreRegistrar"
134-->[:cloud_firestore] AndroidManifest.xml:10:17-134
135                android:value="com.google.firebase.components.ComponentRegistrar" />
135-->[:cloud_firestore] AndroidManifest.xml:11:17-82
136            <meta-data
136-->[:firebase_auth] AndroidManifest.xml:9:13-11:85
137                android:name="com.google.firebase.components:io.flutter.plugins.firebase.auth.FlutterFirebaseAuthRegistrar"
137-->[:firebase_auth] AndroidManifest.xml:10:17-124
138                android:value="com.google.firebase.components.ComponentRegistrar" />
138-->[:firebase_auth] AndroidManifest.xml:11:17-82
139            <meta-data
139-->[:firebase_core] AndroidManifest.xml:9:13-11:85
140                android:name="com.google.firebase.components:io.flutter.plugins.firebase.core.FlutterFirebaseCoreRegistrar"
140-->[:firebase_core] AndroidManifest.xml:10:17-124
141                android:value="com.google.firebase.components.ComponentRegistrar" />
141-->[:firebase_core] AndroidManifest.xml:11:17-82
142            <meta-data
142-->[com.google.firebase:firebase-firestore:24.3.1] AndroidManifest.xml:20:13-22:85
143                android:name="com.google.firebase.components:com.google.firebase.firestore.FirestoreRegistrar"
143-->[com.google.firebase:firebase-firestore:24.3.1] AndroidManifest.xml:21:17-111
144                android:value="com.google.firebase.components.ComponentRegistrar" />
144-->[com.google.firebase:firebase-firestore:24.3.1] AndroidManifest.xml:22:17-82
145            <meta-data
145-->[com.google.firebase:firebase-auth:21.0.8] AndroidManifest.xml:67:13-69:85
146                android:name="com.google.firebase.components:com.google.firebase.auth.FirebaseAuthRegistrar"
146-->[com.google.firebase:firebase-auth:21.0.8] AndroidManifest.xml:68:17-109
147                android:value="com.google.firebase.components.ComponentRegistrar" />
147-->[com.google.firebase:firebase-auth:21.0.8] AndroidManifest.xml:69:17-82
148        </service>
149
150        <activity
150-->[com.google.android.gms:play-services-auth:20.0.1] AndroidManifest.xml:23:9-27:75
151            android:name="com.google.android.gms.auth.api.signin.internal.SignInHubActivity"
151-->[com.google.android.gms:play-services-auth:20.0.1] AndroidManifest.xml:24:13-93
152            android:excludeFromRecents="true"
152-->[com.google.android.gms:play-services-auth:20.0.1] AndroidManifest.xml:25:13-46
153            android:exported="false"
153-->[com.google.android.gms:play-services-auth:20.0.1] AndroidManifest.xml:26:13-37
154            android:theme="@android:style/Theme.Translucent.NoTitleBar" />
154-->[com.google.android.gms:play-services-auth:20.0.1] AndroidManifest.xml:27:13-72
155        <!--
156            Service handling Google Sign-In user revocation. For apps that do not integrate with
157            Google Sign-In, this service will never be started.
158        -->
159        <service
159-->[com.google.android.gms:play-services-auth:20.0.1] AndroidManifest.xml:33:9-37:51
160            android:name="com.google.android.gms.auth.api.signin.RevocationBoundService"
160-->[com.google.android.gms:play-services-auth:20.0.1] AndroidManifest.xml:34:13-89
161            android:exported="true"
161-->[com.google.android.gms:play-services-auth:20.0.1] AndroidManifest.xml:35:13-36
162            android:permission="com.google.android.gms.auth.api.signin.permission.REVOCATION_NOTIFICATION"
162-->[com.google.android.gms:play-services-auth:20.0.1] AndroidManifest.xml:36:13-107
163            android:visibleToInstantApps="true" />
163-->[com.google.android.gms:play-services-auth:20.0.1] AndroidManifest.xml:37:13-48
164
165        <activity
165-->[com.google.firebase:firebase-auth:21.0.8] AndroidManifest.xml:27:9-44:20
166            android:name="com.google.firebase.auth.internal.GenericIdpActivity"
166-->[com.google.firebase:firebase-auth:21.0.8] AndroidManifest.xml:28:13-80
167            android:excludeFromRecents="true"
167-->[com.google.firebase:firebase-auth:21.0.8] AndroidManifest.xml:29:13-46
168            android:exported="true"
168-->[com.google.firebase:firebase-auth:21.0.8] AndroidManifest.xml:30:13-36
169            android:launchMode="singleTask"
169-->[com.google.firebase:firebase-auth:21.0.8] AndroidManifest.xml:31:13-44
170            android:theme="@android:style/Theme.Translucent.NoTitleBar" >
170-->[com.google.firebase:firebase-auth:21.0.8] AndroidManifest.xml:32:13-72
171            <intent-filter>
171-->[com.google.firebase:firebase-auth:21.0.8] AndroidManifest.xml:33:13-43:29
172                <action android:name="android.intent.action.VIEW" />
172-->src/main/AndroidManifest.xml:9:13-65
172-->src/main/AndroidManifest.xml:9:21-62
173
174                <category android:name="android.intent.category.DEFAULT" />
174-->src/main/AndroidManifest.xml:82:17-76
174-->src/main/AndroidManifest.xml:82:27-73
175                <category android:name="android.intent.category.BROWSABLE" />
175-->src/main/AndroidManifest.xml:83:17-78
175-->src/main/AndroidManifest.xml:83:27-75
176
177                <data
177-->src/main/AndroidManifest.xml:10:13-44
178                    android:host="firebase.auth"
179                    android:path="/"
180                    android:scheme="genericidp" />
180-->src/main/AndroidManifest.xml:10:19-41
181            </intent-filter>
182        </activity>
183        <activity
183-->[com.google.firebase:firebase-auth:21.0.8] AndroidManifest.xml:45:9-62:20
184            android:name="com.google.firebase.auth.internal.RecaptchaActivity"
184-->[com.google.firebase:firebase-auth:21.0.8] AndroidManifest.xml:46:13-79
185            android:excludeFromRecents="true"
185-->[com.google.firebase:firebase-auth:21.0.8] AndroidManifest.xml:47:13-46
186            android:exported="true"
186-->[com.google.firebase:firebase-auth:21.0.8] AndroidManifest.xml:48:13-36
187            android:launchMode="singleTask"
187-->[com.google.firebase:firebase-auth:21.0.8] AndroidManifest.xml:49:13-44
188            android:theme="@android:style/Theme.Translucent.NoTitleBar" >
188-->[com.google.firebase:firebase-auth:21.0.8] AndroidManifest.xml:50:13-72
189            <intent-filter>
189-->[com.google.firebase:firebase-auth:21.0.8] AndroidManifest.xml:51:13-61:29
190                <action android:name="android.intent.action.VIEW" />
190-->src/main/AndroidManifest.xml:9:13-65
190-->src/main/AndroidManifest.xml:9:21-62
191
192                <category android:name="android.intent.category.DEFAULT" />
192-->src/main/AndroidManifest.xml:82:17-76
192-->src/main/AndroidManifest.xml:82:27-73
193                <category android:name="android.intent.category.BROWSABLE" />
193-->src/main/AndroidManifest.xml:83:17-78
193-->src/main/AndroidManifest.xml:83:27-75
194
195                <data
195-->src/main/AndroidManifest.xml:10:13-44
196                    android:host="firebase.auth"
197                    android:path="/"
198                    android:scheme="recaptcha" />
198-->src/main/AndroidManifest.xml:10:19-41
199            </intent-filter>
200        </activity>
201        <activity
201-->[com.google.android.gms:play-services-base:17.6.0] AndroidManifest.xml:23:9-26:75
202            android:name="com.google.android.gms.common.api.GoogleApiActivity"
202-->[com.google.android.gms:play-services-base:17.6.0] AndroidManifest.xml:24:13-79
203            android:exported="false"
203-->[com.google.android.gms:play-services-base:17.6.0] AndroidManifest.xml:25:13-37
204            android:theme="@android:style/Theme.Translucent.NoTitleBar" />
204-->[com.google.android.gms:play-services-base:17.6.0] AndroidManifest.xml:26:13-72
205
206        <provider
206-->[com.google.firebase:firebase-common:20.1.2] AndroidManifest.xml:26:9-31:39
207            android:name="com.google.firebase.provider.FirebaseInitProvider"
207-->[com.google.firebase:firebase-common:20.1.2] AndroidManifest.xml:27:13-77
208            android:authorities="musicenergy.com.firebaseinitprovider"
208-->[com.google.firebase:firebase-common:20.1.2] AndroidManifest.xml:28:13-72
209            android:directBootAware="true"
209-->[com.google.firebase:firebase-common:20.1.2] AndroidManifest.xml:29:13-43
210            android:exported="false"
210-->[com.google.firebase:firebase-common:20.1.2] AndroidManifest.xml:30:13-37
211            android:initOrder="100" />
211-->[com.google.firebase:firebase-common:20.1.2] AndroidManifest.xml:31:13-36
212
213        <uses-library
213-->[androidx.window:window:1.0.0-beta04] AndroidManifest.xml:25:9-27:40
214            android:name="androidx.window.extensions"
214-->[androidx.window:window:1.0.0-beta04] AndroidManifest.xml:26:13-54
215            android:required="false" />
215-->[androidx.window:window:1.0.0-beta04] AndroidManifest.xml:27:13-37
216        <uses-library
216-->[androidx.window:window:1.0.0-beta04] AndroidManifest.xml:28:9-30:40
217            android:name="androidx.window.sidecar"
217-->[androidx.window:window:1.0.0-beta04] AndroidManifest.xml:29:13-51
218            android:required="false" />
218-->[androidx.window:window:1.0.0-beta04] AndroidManifest.xml:30:13-37
219
220        <activity android:name="com.facebook.CustomTabMainActivity" />
220-->[com.facebook.android:facebook-common:15.0.2] AndroidManifest.xml:38:9-71
220-->[com.facebook.android:facebook-common:15.0.2] AndroidManifest.xml:38:19-68
221        <!--
222         The initialization ContentProvider will call FacebookSdk.sdkInitialize automatically
223         with the application context. This config is merged in with the host app's manifest,
224         but there can only be one provider with the same authority activated at any given
225         point; so if the end user has two or more different apps that use Facebook SDK, only the
226         first one will be able to use the provider. To work around this problem, we use the
227         following placeholder in the authority to identify each host application as if it was
228         a completely different provider.
229        -->
230        <provider
230-->[com.facebook.android:facebook-core:15.0.2] AndroidManifest.xml:41:9-44:40
231            android:name="com.facebook.internal.FacebookInitProvider"
231-->[com.facebook.android:facebook-core:15.0.2] AndroidManifest.xml:42:13-70
232            android:authorities="musicenergy.com.FacebookInitProvider"
232-->[com.facebook.android:facebook-core:15.0.2] AndroidManifest.xml:43:13-72
233            android:exported="false" />
233-->[com.facebook.android:facebook-core:15.0.2] AndroidManifest.xml:44:13-37
234
235        <receiver
235-->[com.facebook.android:facebook-core:15.0.2] AndroidManifest.xml:46:9-52:20
236            android:name="com.facebook.CurrentAccessTokenExpirationBroadcastReceiver"
236-->[com.facebook.android:facebook-core:15.0.2] AndroidManifest.xml:47:13-86
237            android:exported="false" >
237-->[com.facebook.android:facebook-core:15.0.2] AndroidManifest.xml:48:13-37
238            <intent-filter>
238-->[com.facebook.android:facebook-core:15.0.2] AndroidManifest.xml:49:13-51:29
239                <action android:name="com.facebook.sdk.ACTION_CURRENT_ACCESS_TOKEN_CHANGED" />
239-->[com.facebook.android:facebook-core:15.0.2] AndroidManifest.xml:50:17-95
239-->[com.facebook.android:facebook-core:15.0.2] AndroidManifest.xml:50:25-92
240            </intent-filter>
241        </receiver>
242        <receiver
242-->[com.facebook.android:facebook-core:15.0.2] AndroidManifest.xml:53:9-59:20
243            android:name="com.facebook.AuthenticationTokenManager$CurrentAuthenticationTokenChangedBroadcastReceiver"
243-->[com.facebook.android:facebook-core:15.0.2] AndroidManifest.xml:54:13-118
244            android:exported="false" >
244-->[com.facebook.android:facebook-core:15.0.2] AndroidManifest.xml:55:13-37
245            <intent-filter>
245-->[com.facebook.android:facebook-core:15.0.2] AndroidManifest.xml:56:13-58:29
246                <action android:name="com.facebook.sdk.ACTION_CURRENT_AUTHENTICATION_TOKEN_CHANGED" />
246-->[com.facebook.android:facebook-core:15.0.2] AndroidManifest.xml:57:17-103
246-->[com.facebook.android:facebook-core:15.0.2] AndroidManifest.xml:57:25-100
247            </intent-filter>
248        </receiver>
249
250        <meta-data
250-->[com.google.android.gms:play-services-basement:18.1.0] AndroidManifest.xml:21:9-23:69
251            android:name="com.google.android.gms.version"
251-->[com.google.android.gms:play-services-basement:18.1.0] AndroidManifest.xml:22:13-58
252            android:value="@integer/google_play_services_version" />
252-->[com.google.android.gms:play-services-basement:18.1.0] AndroidManifest.xml:23:13-66
253    </application>
254
255</manifest>